<?xml version="1.0" encoding="UTF-8"?>
<testsuite xmlns:xsi="http://www.w3.org/2001/XMLSchema-instance" xsi:noNamespaceSchemaLocation="https://maven.apache.org/surefire/maven-surefire-plugin/xsd/surefire-test-report-3.0.xsd" version="3.0" name="RationalTest" time="0.297" tests="21" errors="0" skipped="0" failures="0">
  <properties>
[...]
</properties>
  <testcase name="testEquals1" classname="RationalTest" time="0.027"/>
  <testcase name="testEquals2" classname="RationalTest" time="0"/>
  <testcase name="testCompareTo1" classname="RationalTest" time="0"/>
  <testcase name="testCompareTo2" classname="RationalTest" time="0"/>
  <testcase name="testCompareTo3" classname="RationalTest" time="0.001"/>
  <testcase name="testAdd1" classname="RationalTest" time="0"/>
  <testcase name="testAdd2" classname="RationalTest" time="0.011"/>
  <testcase name="testAdd3" classname="RationalTest" time="0"/>
  <testcase name="testAdd4" classname="RationalTest" time="0.002"/>
  <testcase name="testMultiply1" classname="RationalTest" time="0.001"/>
  <testcase name="testMultiply2" classname="RationalTest" time="0.001"/>
  <testcase name="testMultiply3" classname="RationalTest" time="0.001"/>
  <testcase name="testMultiply4" classname="RationalTest" time="0.001"/>
  <testcase name="testSubtract1" classname="RationalTest" time="0.001"/>
  <testcase name="testSubtract2" classname="RationalTest" time="0.001"/>
  <testcase name="testSubtract3" classname="RationalTest" time="0.002"/>
  <testcase name="testSubtract4" classname="RationalTest" time="0"/>
  <testcase name="testDivide1" classname="RationalTest" time="0"/>
  <testcase name="testDivide2" classname="RationalTest" time="0.001"/>
  <testcase name="testDivide3" classname="RationalTest" time="0.002"/>
  <testcase name="testDivide4" classname="RationalTest" time="0.001"/>
</testsuite>